This file contains any messages produced by compilers while
running configure, to aid debugging if configure makes a mistake.

It was created by SatelliteSimulator configure 1.0, which was
generated by GNU Autoconf 2.69.  Invocation command line was

  $ ./configure 

## --------- ##
## Platform. ##
## --------- ##

hostname = vamsi-Lenovo-ideapad-510-15ISK
uname -m = x86_64
uname -r = 5.0.0-32-generic
uname -s = Linux
uname -v = #34-Ubuntu SMP Wed Oct 2 02:06:48 UTC 2019

/usr/bin/uname -p = unknown
/bin/uname -X     = unknown

/bin/arch              = unknown
/usr/bin/arch -k       = unknown
/usr/convex/getsysinfo = unknown
/usr/bin/hostinfo      = unknown
/bin/machine           = unknown
/usr/bin/oslevel       = unknown
/bin/universe          = unknown

PATH: /opt/bcc-2.0.7-gcc/bin
PATH: /home/vamsi/anaconda3/bin
PATH: /home/vamsi/anaconda3/condabin
PATH: /home/vamsi/.cargo/bin
PATH: /home/vamsi/.local/bin
PATH: /usr/local/sbin
PATH: /usr/local/bin
PATH: /usr/sbin
PATH: /usr/bin
PATH: /sbin
PATH: /bin
PATH: /usr/games
PATH: /usr/local/games
PATH: /snap/bin


## ----------- ##
## Core tests. ##
## ----------- ##

configure:2125: checking for a BSD-compatible install
configure:2193: result: /usr/bin/install -c
configure:2204: checking whether build environment is sane
configure:2259: result: yes
configure:2408: checking for a thread-safe mkdir -p
configure:2447: result: /bin/mkdir -p
configure:2454: checking for gawk
configure:2484: result: no
configure:2454: checking for mawk
configure:2470: found /usr/bin/mawk
configure:2481: result: mawk
configure:2492: checking whether make sets $(MAKE)
configure:2514: result: yes
configure:2543: checking whether make supports nested variables
configure:2560: result: yes
configure:2733: checking for ranlib
configure:2749: found /usr/bin/ranlib
configure:2760: result: ranlib
configure:2848: checking for g++
configure:2864: found /usr/bin/g++
configure:2875: result: g++
configure:2902: checking for C++ compiler version
configure:2911: g++ --version >&5
g++ (Ubuntu 8.3.0-6ubuntu1) 8.3.0
Copyright (C) 2018 Free Software Foundation, Inc.
This is free software; see the source for copying conditions.  There is NO
warranty; not even for MERCHANTABILITY or FITNESS FOR A PARTICULAR PURPOSE.

configure:2922: $? = 0
configure:2911: g++ -v >&5
Using built-in specs.
COLLECT_GCC=g++
COLLECT_LTO_WRAPPER=/usr/lib/gcc/x86_64-linux-gnu/8/lto-wrapper
OFFLOAD_TARGET_NAMES=nvptx-none
OFFLOAD_TARGET_DEFAULT=1
Target: x86_64-linux-gnu
Configured with: ../src/configure -v --with-pkgversion='Ubuntu 8.3.0-6ubuntu1' --with-bugurl=file:///usr/share/doc/gcc-8/README.Bugs --enable-languages=c,ada,c++,go,brig,d,fortran,objc,obj-c++ --prefix=/usr --with-gcc-major-version-only --program-suffix=-8 --program-prefix=x86_64-linux-gnu- --enable-shared --enable-linker-build-id --libexecdir=/usr/lib --without-included-gettext --enable-threads=posix --libdir=/usr/lib --enable-nls --enable-bootstrap --enable-clocale=gnu --enable-libstdcxx-debug --enable-libstdcxx-time=yes --with-default-libstdcxx-abi=new --enable-gnu-unique-object --disable-vtable-verify --enable-libmpx --enable-plugin --enable-default-pie --with-system-zlib --with-target-system-zlib --enable-objc-gc=auto --enable-multiarch --disable-werror --with-arch-32=i686 --with-abi=m64 --with-multilib-list=m32,m64,mx32 --enable-multilib --with-tune=generic --enable-offload-targets=nvptx-none --without-cuda-driver --enable-checking=release --build=x86_64-linux-gnu --host=x86_64-linux-gnu --target=x86_64-linux-gnu
Thread model: posix
gcc version 8.3.0 (Ubuntu 8.3.0-6ubuntu1) 
configure:2922: $? = 0
configure:2911: g++ -V >&5
g++: error: unrecognized command line option '-V'
g++: fatal error: no input files
compilation terminated.
configure:2922: $? = 1
configure:2911: g++ -qversion >&5
g++: error: unrecognized command line option '-qversion'; did you mean '--version'?
g++: fatal error: no input files
compilation terminated.
configure:2922: $? = 1
configure:2942: checking whether the C++ compiler works
configure:2964: g++    conftest.cpp  >&5
configure:2968: $? = 0
configure:3016: result: yes
configure:3019: checking for C++ compiler default output file name
configure:3021: result: a.out
configure:3027: checking for suffix of executables
configure:3034: g++ -o conftest    conftest.cpp  >&5
configure:3038: $? = 0
configure:3060: result: 
configure:3082: checking whether we are cross compiling
configure:3090: g++ -o conftest    conftest.cpp  >&5
configure:3094: $? = 0
configure:3101: ./conftest
configure:3105: $? = 0
configure:3093: result: no
configure:3098: checking for suffix of object files
configure:3120: g++ -c   conftest.cpp >&5
configure:3124: $? = 0
configure:3145: result: o
configure:3149: checking whether we are using the GNU C++ compiler
configure:3168: g++ -c   conftest.cpp >&5
configure:3168: $? = 0
configure:3177: result: yes
configure:3186: checking whether g++ accepts -g
configure:3206: g++ -c -g  conftest.cpp >&5
configure:3206: $? = 0
configure:3247: result: yes
configure:3273: checking whether make supports the include directive
configure:3288: make -f confmf.GNU && cat confinc.out
this is the am__doit target
configure:3291: $? = 0
configure:3310: result: yes (GNU style)
configure:3335: checking dependency style of g++
configure:3446: result: gcc3
configure:3465: checking for gelf_getshdr in -lelf
configure:3490: g++ -o conftest -g -O2   conftest.cpp -lelf   >&5
configure:3490: $? = 0
configure:3499: result: yes
configure:3517: checking how to run the C++ preprocessor
configure:3544: g++ -E  conftest.cpp
configure:3544: $? = 0
configure:3558: g++ -E  conftest.cpp
conftest.cpp:12:10: fatal error: ac_nonexistent.h: No such file or directory
 #include <ac_nonexistent.h>
          ^~~~~~~~~~~~~~~~~~
compilation terminated.
configure:3558: $? = 1
configure: failed program was:
| /* confdefs.h */
| #define PACKAGE_NAME "SatelliteSimulator"
| #define PACKAGE_TARNAME "satellitesimulator"
| #define PACKAGE_VERSION "1.0"
| #define PACKAGE_STRING "SatelliteSimulator 1.0"
| #define PACKAGE_BUGREPORT ""
| #define PACKAGE_URL ""
| #define PACKAGE "satellitesimulator"
| #define VERSION "1.0"
| #define HAVE_LIBELF 1
| /* end confdefs.h.  */
| #include <ac_nonexistent.h>
configure:3583: result: g++ -E
configure:3603: g++ -E  conftest.cpp
configure:3603: $? = 0
configure:3617: g++ -E  conftest.cpp
conftest.cpp:12:10: fatal error: ac_nonexistent.h: No such file or directory
 #include <ac_nonexistent.h>
          ^~~~~~~~~~~~~~~~~~
compilation terminated.
configure:3617: $? = 1
configure: failed program was:
| /* confdefs.h */
| #define PACKAGE_NAME "SatelliteSimulator"
| #define PACKAGE_TARNAME "satellitesimulator"
| #define PACKAGE_VERSION "1.0"
| #define PACKAGE_STRING "SatelliteSimulator 1.0"
| #define PACKAGE_BUGREPORT ""
| #define PACKAGE_URL ""
| #define PACKAGE "satellitesimulator"
| #define VERSION "1.0"
| #define HAVE_LIBELF 1
| /* end confdefs.h.  */
| #include <ac_nonexistent.h>
configure:3646: checking for grep that handles long lines and -e
configure:3704: result: /bin/grep
configure:3709: checking for egrep
configure:3771: result: /bin/grep -E
configure:3776: checking for ANSI C header files
configure:3796: g++ -c -g -O2  conftest.cpp >&5
configure:3796: $? = 0
configure:3869: g++ -o conftest -g -O2   conftest.cpp -lelf  >&5
configure:3869: $? = 0
configure:3869: ./conftest
configure:3869: $? = 0
configure:3880: result: yes
configure:3893: checking for sys/types.h
configure:3893: g++ -c -g -O2  conftest.cpp >&5
configure:3893: $? = 0
configure:3893: result: yes
configure:3893: checking for sys/stat.h
configure:3893: g++ -c -g -O2  conftest.cpp >&5
configure:3893: $? = 0
configure:3893: result: yes
configure:3893: checking for stdlib.h
configure:3893: g++ -c -g -O2  conftest.cpp >&5
configure:3893: $? = 0
configure:3893: result: yes
configure:3893: checking for string.h
configure:3893: g++ -c -g -O2  conftest.cpp >&5
configure:3893: $? = 0
configure:3893: result: yes
configure:3893: checking for memory.h
configure:3893: g++ -c -g -O2  conftest.cpp >&5
configure:3893: $? = 0
configure:3893: result: yes
configure:3893: checking for strings.h
configure:3893: g++ -c -g -O2  conftest.cpp >&5
configure:3893: $? = 0
configure:3893: result: yes
configure:3893: checking for inttypes.h
configure:3893: g++ -c -g -O2  conftest.cpp >&5
configure:3893: $? = 0
configure:3893: result: yes
configure:3893: checking for stdint.h
configure:3893: g++ -c -g -O2  conftest.cpp >&5
configure:3893: $? = 0
configure:3893: result: yes
configure:3893: checking for unistd.h
configure:3893: g++ -c -g -O2  conftest.cpp >&5
configure:3893: $? = 0
configure:3893: result: yes
configure:3908: checking libelf.h usability
configure:3908: g++ -c -g -O2  conftest.cpp >&5
configure:3908: $? = 0
configure:3908: result: yes
configure:3908: checking libelf.h presence
configure:3908: g++ -E  conftest.cpp
configure:3908: $? = 0
configure:3908: result: yes
configure:3908: checking for libelf.h
configure:3908: result: yes
configure:3908: checking gelf.h usability
configure:3908: g++ -c -g -O2  conftest.cpp >&5
configure:3908: $? = 0
configure:3908: result: yes
configure:3908: checking gelf.h presence
configure:3908: g++ -E  conftest.cpp
configure:3908: $? = 0
configure:3908: result: yes
configure:3908: checking for gelf.h
configure:3908: result: yes
configure:4060: checking that generated files are newer than configure
configure:4066: result: done
configure:4089: creating ./config.status

## ---------------------- ##
## Running config.status. ##
## ---------------------- ##

This file was extended by SatelliteSimulator config.status 1.0, which was
generated by GNU Autoconf 2.69.  Invocation command line was

  CONFIG_FILES    = 
  CONFIG_HEADERS  = 
  CONFIG_LINKS    = 
  CONFIG_COMMANDS = 
  $ ./config.status 

on vamsi-Lenovo-ideapad-510-15ISK

config.status:777: creating Makefile
config.status:777: creating src/Makefile
config.status:949: executing depfiles commands
config.status:1026: cd src       && sed -e '/# am--include-marker/d' Makefile         | make -f - am--depfiles
config.status:1031: $? = 0

## ---------------- ##
## Cache variables. ##
## ---------------- ##

ac_cv_cxx_compiler_gnu=yes
ac_cv_env_CCC_set=
ac_cv_env_CCC_value=
ac_cv_env_CPPFLAGS_set=
ac_cv_env_CPPFLAGS_value=
ac_cv_env_CXXCPP_set=
ac_cv_env_CXXCPP_value=
ac_cv_env_CXXFLAGS_set=
ac_cv_env_CXXFLAGS_value=
ac_cv_env_CXX_set=
ac_cv_env_CXX_value=
ac_cv_env_LDFLAGS_set=
ac_cv_env_LDFLAGS_value=
ac_cv_env_LIBS_set=
ac_cv_env_LIBS_value=
ac_cv_env_build_alias_set=
ac_cv_env_build_alias_value=
ac_cv_env_host_alias_set=
ac_cv_env_host_alias_value=
ac_cv_env_target_alias_set=
ac_cv_env_target_alias_value=
ac_cv_header_gelf_h=yes
ac_cv_header_inttypes_h=yes
ac_cv_header_libelf_h=yes
ac_cv_header_memory_h=yes
ac_cv_header_stdc=yes
ac_cv_header_stdint_h=yes
ac_cv_header_stdlib_h=yes
ac_cv_header_string_h=yes
ac_cv_header_strings_h=yes
ac_cv_header_sys_stat_h=yes
ac_cv_header_sys_types_h=yes
ac_cv_header_unistd_h=yes
ac_cv_lib_elf_gelf_getshdr=yes
ac_cv_objext=o
ac_cv_path_EGREP='/bin/grep -E'
ac_cv_path_GREP=/bin/grep
ac_cv_path_install='/usr/bin/install -c'
ac_cv_path_mkdir=/bin/mkdir
ac_cv_prog_AWK=mawk
ac_cv_prog_CXXCPP='g++ -E'
ac_cv_prog_ac_ct_CXX=g++
ac_cv_prog_ac_ct_RANLIB=ranlib
ac_cv_prog_cxx_g=yes
ac_cv_prog_make_make_set=yes
am_cv_CXX_dependencies_compiler_type=gcc3
am_cv_make_support_nested_variables=yes

## ----------------- ##
## Output variables. ##
## ----------------- ##

ACLOCAL='${SHELL} /home/vamsi/BTP/SatelliteSimulator/missing aclocal-1.16'
AMDEPBACKSLASH='\'
AMDEP_FALSE='#'
AMDEP_TRUE=''
AMTAR='$${TAR-tar}'
AM_BACKSLASH='\'
AM_DEFAULT_V='$(AM_DEFAULT_VERBOSITY)'
AM_DEFAULT_VERBOSITY='1'
AM_V='$(V)'
AUTOCONF='${SHELL} /home/vamsi/BTP/SatelliteSimulator/missing autoconf'
AUTOHEADER='${SHELL} /home/vamsi/BTP/SatelliteSimulator/missing autoheader'
AUTOMAKE='${SHELL} /home/vamsi/BTP/SatelliteSimulator/missing automake-1.16'
AWK='mawk'
CC=''
CPPFLAGS=''
CXX='g++'
CXXCPP='g++ -E'
CXXDEPMODE='depmode=gcc3'
CXXFLAGS='-g -O2'
CYGPATH_W='echo'
DEFS='-DPACKAGE_NAME=\"SatelliteSimulator\" -DPACKAGE_TARNAME=\"satellitesimulator\" -DPACKAGE_VERSION=\"1.0\" -DPACKAGE_STRING=\"SatelliteSimulator\ 1.0\" -DPACKAGE_BUGREPORT=\"\" -DPACKAGE_URL=\"\" -DPACKAGE=\"satellitesimulator\" -DVERSION=\"1.0\" -DHAVE_LIBELF=1 -DSTDC_HEADERS=1 -DHAVE_SYS_TYPES_H=1 -DHAVE_SYS_STAT_H=1 -DHAVE_STDLIB_H=1 -DHAVE_STRING_H=1 -DHAVE_MEMORY_H=1 -DHAVE_STRINGS_H=1 -DHAVE_INTTYPES_H=1 -DHAVE_STDINT_H=1 -DHAVE_UNISTD_H=1 -DHAVE_LIBELF_H=1 -DHAVE_GELF_H=1'
DEPDIR='.deps'
ECHO_C=''
ECHO_N='-n'
ECHO_T=''
EGREP='/bin/grep -E'
EXEEXT=''
GREP='/bin/grep'
INSTALL_DATA='${INSTALL} -m 644'
INSTALL_PROGRAM='${INSTALL}'
INSTALL_SCRIPT='${INSTALL}'
INSTALL_STRIP_PROGRAM='$(install_sh) -c -s'
LDFLAGS=''
LIBOBJS=''
LIBS='-lelf '
LTLIBOBJS=''
MAKEINFO='${SHELL} /home/vamsi/BTP/SatelliteSimulator/missing makeinfo'
MKDIR_P='/bin/mkdir -p'
OBJEXT='o'
PACKAGE='satellitesimulator'
PACKAGE_BUGREPORT=''
PACKAGE_NAME='SatelliteSimulator'
PACKAGE_STRING='SatelliteSimulator 1.0'
PACKAGE_TARNAME='satellitesimulator'
PACKAGE_URL=''
PACKAGE_VERSION='1.0'
PATH_SEPARATOR=':'
RANLIB='ranlib'
SET_MAKE=''
SHELL='/bin/bash'
STRIP=''
VERSION='1.0'
ac_ct_CXX='g++'
am__EXEEXT_FALSE=''
am__EXEEXT_TRUE='#'
am__fastdepCXX_FALSE='#'
am__fastdepCXX_TRUE=''
am__include='include'
am__isrc=''
am__leading_dot='.'
am__nodep='_no'
am__quote=''
am__tar='$${TAR-tar} chof - "$$tardir"'
am__untar='$${TAR-tar} xf -'
bindir='${exec_prefix}/bin'
build_alias=''
datadir='${datarootdir}'
datarootdir='${prefix}/share'
docdir='${datarootdir}/doc/${PACKAGE_TARNAME}'
dvidir='${docdir}'
exec_prefix='${prefix}'
host_alias=''
htmldir='${docdir}'
includedir='${prefix}/include'
infodir='${datarootdir}/info'
install_sh='${SHELL} /home/vamsi/BTP/SatelliteSimulator/install-sh'
libdir='${exec_prefix}/lib'
libexecdir='${exec_prefix}/libexec'
localedir='${datarootdir}/locale'
localstatedir='${prefix}/var'
mandir='${datarootdir}/man'
mkdir_p='$(MKDIR_P)'
oldincludedir='/usr/include'
pdfdir='${docdir}'
prefix='/usr/local'
program_transform_name='s,x,x,'
psdir='${docdir}'
runstatedir='${localstatedir}/run'
sbindir='${exec_prefix}/sbin'
sharedstatedir='${prefix}/com'
sysconfdir='${prefix}/etc'
target_alias=''

## ----------- ##
## confdefs.h. ##
## ----------- ##

/* confdefs.h */
#define PACKAGE_NAME "SatelliteSimulator"
#define PACKAGE_TARNAME "satellitesimulator"
#define PACKAGE_VERSION "1.0"
#define PACKAGE_STRING "SatelliteSimulator 1.0"
#define PACKAGE_BUGREPORT ""
#define PACKAGE_URL ""
#define PACKAGE "satellitesimulator"
#define VERSION "1.0"
#define HAVE_LIBELF 1
#define STDC_HEADERS 1
#define HAVE_SYS_TYPES_H 1
#define HAVE_SYS_STAT_H 1
#define HAVE_STDLIB_H 1
#define HAVE_STRING_H 1
#define HAVE_MEMORY_H 1
#define HAVE_STRINGS_H 1
#define HAVE_INTTYPES_H 1
#define HAVE_STDINT_H 1
#define HAVE_UNISTD_H 1
#define HAVE_LIBELF_H 1
#define HAVE_GELF_H 1

configure: exit 0
